\BOOKMARK [0][-]{chapter.1}{Problemas B\341sicos de Controle \323timo}{}% 1
\BOOKMARK [1][-]{section.1.1}{Preliminares}{chapter.1}% 2
\BOOKMARK [2][-]{subsection.1.1.1}{Problema}{section.1.1}% 3
\BOOKMARK [2][-]{subsection.1.1.2}{Princ\355pio M\341ximo de Pontryagin}{section.1.1}% 4
\BOOKMARK [2][-]{subsection.1.1.3}{Exerc\355cio 1.6 - Efeito Alle}{section.1.1}% 5
\BOOKMARK [0][-]{chapter.2}{Exist\352ncia e Outras Propriedades}{}% 6
\BOOKMARK [1][-]{subsection.2.0.1}{Interpreta\347\343o da Adjunta}{chapter.2}% 7
\BOOKMARK [2][-]{subsection.2.0.2}{Princ\355pio da Otimalidade}{subsection.2.0.1}% 8
\BOOKMARK [0][-]{chapter.3}{Condi\347\365es finais}{}% 9
\BOOKMARK [1][-]{subsection.3.0.1}{Termo Payoff}{chapter.3}% 10
\BOOKMARK [2][-]{subsection.3.0.2}{Estados com Pontos Finais Fixados}{subsection.3.0.1}% 11
\BOOKMARK [0][-]{chapter.4}{M\351todo Backward/Foward}{}% 12
\BOOKMARK [1][-]{subsection.4.0.1}{Algoritmo}{chapter.4}% 13
\BOOKMARK [2][-]{subsection.4.0.2}{Runge-Kutta}{subsection.4.0.1}% 14
\BOOKMARK [0][-]{chapter.5}{Laborat\363rios}{}% 15
\BOOKMARK [1][-]{subsection.5.0.1}{Laborat\363rio 1}{chapter.5}% 16
\BOOKMARK [2][-]{subsection.5.0.2}{Laborat\363rio 2}{subsection.5.0.1}% 17
\BOOKMARK [2][-]{subsection.5.0.3}{Laborat\363rio 3}{subsection.5.0.1}% 18
\BOOKMARK [0][-]{chapter.6}{Controles Limitados}{}% 19
\BOOKMARK [1][-]{subsection.6.0.1}{Condi\347\365es Necess\341rias:}{chapter.6}% 20
\BOOKMARK [0][-]{chapter.7}{Laborat\363rios}{}% 21
\BOOKMARK [1][-]{subsection.7.0.1}{Laborat\363rio 4}{chapter.7}% 22
\BOOKMARK [2][-]{subsection.7.0.2}{Laborat\363rio 5 - Cancer}{subsection.7.0.1}% 23
\BOOKMARK [2][-]{subsection.7.0.3}{Laborat\363rio 6 - Fish Harvesting}{subsection.7.0.1}% 24
\BOOKMARK [0][-]{chapter.8}{Optimal Control of Several Variables}{}% 25
\BOOKMARK [1][-]{subsection.8.0.1}{Problemas Linear Quadratic Regulator}{chapter.8}% 26
\BOOKMARK [2][-]{subsection.8.0.2}{Equa\347\365es Diferenciais de Ordem mais Alta}{subsection.8.0.1}% 27
\BOOKMARK [2][-]{subsection.8.0.3}{Limites Isoperim\351tricos}{subsection.8.0.1}% 28
\BOOKMARK [2][-]{subsection.8.0.4}{Solu\347\365es Num\351ricas}{subsection.8.0.1}% 29
\BOOKMARK [0][-]{chapter.9}{Linear Dependence on the Control}{}% 30
\BOOKMARK [1][-]{subsection.9.0.1}{Controle Bang-Bang}{chapter.9}% 31
\BOOKMARK [2][-]{subsection.9.0.2}{Controles Singulares}{subsection.9.0.1}% 32
